[debug] [2020-07-01T17:30:38.866Z] ----------------------------------------------------------------------
[debug] [2020-07-01T17:30:38.869Z] Command:       C:\Program Files\nodejs\node.exe C:\Users\personal\AppData\Roaming\npm\node_modules\firebase-tools\lib\bin\firebase.js serve
[debug] [2020-07-01T17:30:38.869Z] CLI Version:   7.11.0
[debug] [2020-07-01T17:30:38.869Z] Platform:      win32
[debug] [2020-07-01T17:30:38.869Z] Node Version:  v10.16.3
[debug] [2020-07-01T17:30:38.870Z] Time:          Wed Jul 01 2020 12:30:38 GMT-0500 (Central Daylight Time)
[debug] [2020-07-01T17:30:38.870Z] ----------------------------------------------------------------------
[debug] [2020-07-01T17:30:38.870Z] 
[debug] [2020-07-01T17:30:38.878Z] > command requires scopes: ["email","openid","https://www.googleapis.com/auth/cloudplatformprojects.readonly","https://www.googleapis.com/auth/firebase","https://www.googleapis.com/auth/cloud-platform"]
[debug] [2020-07-01T17:30:38.879Z] > authorizing via signed-in user
[debug] [2020-07-01T17:30:38.879Z] [iam] checking project fevici for permissions ["firebase.projects.get"]
[debug] [2020-07-01T17:30:38.880Z] >>> HTTP REQUEST POST https://cloudresourcemanager.googleapis.com/v1/projects/fevici:testIamPermissions  

[debug] [2020-07-01T17:30:39.387Z] <<< HTTP RESPONSE 200
[debug] [2020-07-01T17:30:39.389Z] >>> HTTP REQUEST GET https://firebase.googleapis.com/v1beta1/projects/fevici  
 
[debug] [2020-07-01T17:30:39.796Z] <<< HTTP RESPONSE 200
[info] 
[info] === Serving from 'C:\Users\personal\Desktop\FEVICI\FEVICI'...
[info] 
[debug] [2020-07-01T17:30:39.801Z] >>> HTTP REQUEST GET https://firebase.googleapis.com/v1beta1/projects/fevici/webApps/-/config  
 
[debug] [2020-07-01T17:30:40.254Z] <<< HTTP RESPONSE 200
[info] i  hosting: Serving hosting files from: static
[info] +  hosting: Local server: http://localhost:5000
[info] [hosting] Cloud Run rewrite {"source":"**","run":{"serviceId":"flask-fire","region":"us-central1"}} triggered
[info] [hosting] Looking up Cloud Run service "/v1alpha1/projects/fevici/locations/us-central1/services/flask-fire" for its URL
[debug] [2020-07-01T17:30:43.733Z] >>> HTTP REQUEST GET https://run.googleapis.com/v1alpha1/projects/fevici/locations/us-central1/services/flask-fire  
 
[debug] [2020-07-01T17:30:44.224Z] <<< HTTP RESPONSE 200
[info] [hosting] Rewriting / to https://flask-fire-wa5ntblm7q-uc.a.run.app for Cloud Run service "flask-fire" for region "us-central1"
